-------------------------------------------------------------------------------
Test set: createAccount.TestRunCukes
-------------------------------------------------------------------------------
Tests run: 25, Failures: 2, Errors: 0, Skipped: 0, Time elapsed: 2.686 sec <<< FAILURE!
Then create new Account(Scenario: For valid customer create new Account)  Time elapsed: 0 sec  <<< FAILURE!
Argument(s) are different! Wanted:
accountDao.addAccount(
    Account [accountNo=1, customer=Customer [firstName=Tom, lastName=Jerry, address=Address [doorNo=12/B, city=Chennai]], openingBalance=1000.0]
);
-> at createAccount.Stepdef.create_new_Account(Stepdef.java:91)
Actual invocation has different arguments:
accountDao.addAccount(
    Account [accountNo=2, customer=Customer [firstName=Tom, lastName=Jerry, address=Address [doorNo=12/B, city=Chennai]], openingBalance=1000.0]
);
-> at org.cap.service.AccountServiceImpl.createAccount(AccountServiceImpl.java:40)

	at java.base/jdk.internal.reflect.NativeConstructorAccessorImpl.newInstance0(Native Method)
	at java.base/jdk.internal.reflect.NativeConstructorAccessorImpl.newInstance(NativeConstructorAccessorImpl.java:62)
	at java.base/jdk.internal.reflect.DelegatingConstructorAccessorImpl.newInstance(DelegatingConstructorAccessorImpl.java:45)
	at java.base/java.lang.reflect.Constructor.newInstance(Constructor.java:488)
	at createAccount.Stepdef.create_new_Account(Stepdef.java:91)
	at ?.Then create new Account(createAccount/createAccount.feature:8)

Scenario: For valid customer create new Account  Time elapsed: 0 sec  <<< FAILURE!
Argument(s) are different! Wanted:
accountDao.addAccount(
    Account [accountNo=1, customer=Customer [firstName=Tom, lastName=Jerry, address=Address [doorNo=12/B, city=Chennai]], openingBalance=1000.0]
);
-> at createAccount.Stepdef.create_new_Account(Stepdef.java:91)
Actual invocation has different arguments:
accountDao.addAccount(
    Account [accountNo=2, customer=Customer [firstName=Tom, lastName=Jerry, address=Address [doorNo=12/B, city=Chennai]], openingBalance=1000.0]
);
-> at org.cap.service.AccountServiceImpl.createAccount(AccountServiceImpl.java:40)

	at java.base/jdk.internal.reflect.NativeConstructorAccessorImpl.newInstance0(Native Method)
	at java.base/jdk.internal.reflect.NativeConstructorAccessorImpl.newInstance(NativeConstructorAccessorImpl.java:62)
	at java.base/jdk.internal.reflect.DelegatingConstructorAccessorImpl.newInstance(DelegatingConstructorAccessorImpl.java:45)
	at java.base/java.lang.reflect.Constructor.newInstance(Constructor.java:488)
	at createAccount.Stepdef.create_new_Account(Stepdef.java:91)
	at ?.Then create new Account(createAccount/createAccount.feature:8)

