<?xml version="1.0" encoding="UTF-8" ?>
<testsuite tests="25" failures="2" name="createAccount.TestRunCukes" time="0" errors="0" skipped="0">
  <properties>
[...]
</properties>
  <testcase classname="Scenario: For valid customer create new Account" name="Given customer details" time="0"/>
  <testcase classname="Scenario: For valid customer create new Account" name="When Valid Customer" time="0"/>
  <testcase classname="Scenario: For valid customer create new Account" name="And valid opening balance" time="0"/>
  <testcase classname="Scenario: For valid customer create new Account" name="Then create new Account" time="0">
    <failure message="
Argument(s) are different! Wanted:
accountDao.addAccount(
    Account [accountNo=1, customer=Customer [firstName=Tom, lastName=Jerry, address=Address [doorNo=12/B, city=Chennai]], openingBalance=1000.0]
);
-&gt; at createAccount.Stepdef.create_new_Account(Stepdef.java:91)
Actual invocation has different arguments:
accountDao.addAccount(
    Account [accountNo=2, customer=Customer [firstName=Tom, lastName=Jerry, address=Address [doorNo=12/B, city=Chennai]], openingBalance=1000.0]
);
-&gt; at org.cap.service.AccountServiceImpl.createAccount(AccountServiceImpl.java:40)
" type="Argument(s) are different! Wanted">Argument(s) are different! Wanted:
accountDao.addAccount(
    Account [accountNo=1, customer=Customer [firstName=Tom, lastName=Jerry, address=Address [doorNo=12/B, city=Chennai]], openingBalance=1000.0]
);
-&gt; at createAccount.Stepdef.create_new_Account(Stepdef.java:91)
Actual invocation has different arguments:
accountDao.addAccount(
    Account [accountNo=2, customer=Customer [firstName=Tom, lastName=Jerry, address=Address [doorNo=12/B, city=Chennai]], openingBalance=1000.0]
);
-&gt; at org.cap.service.AccountServiceImpl.createAccount(AccountServiceImpl.java:40)

	at java.base/jdk.internal.reflect.NativeConstructorAccessorImpl.newInstance0(Native Method)
	at java.base/jdk.internal.reflect.NativeConstructorAccessorImpl.newInstance(NativeConstructorAccessorImpl.java:62)
	at java.base/jdk.internal.reflect.DelegatingConstructorAccessorImpl.newInstance(DelegatingConstructorAccessorImpl.java:45)
	at java.base/java.lang.reflect.Constructor.newInstance(Constructor.java:488)
	at createAccount.Stepdef.create_new_Account(Stepdef.java:91)
	at ✽.Then create new Account(createAccount/createAccount.feature:8)
</failure>
    <system-out>Account [accountNo=2, customer=Customer [firstName=Tom, lastName=Jerry, address=Address [doorNo=12/B, city=Chennai]], openingBalance=1000.0]
false
</system-out>
  </testcase>
  <testcase classname="Scenario: For valid customer create new Account" name="Scenario: For valid customer create new Account" time="0">
    <failure message="
Argument(s) are different! Wanted:
accountDao.addAccount(
    Account [accountNo=1, customer=Customer [firstName=Tom, lastName=Jerry, address=Address [doorNo=12/B, city=Chennai]], openingBalance=1000.0]
);
-&gt; at createAccount.Stepdef.create_new_Account(Stepdef.java:91)
Actual invocation has different arguments:
accountDao.addAccount(
    Account [accountNo=2, customer=Customer [firstName=Tom, lastName=Jerry, address=Address [doorNo=12/B, city=Chennai]], openingBalance=1000.0]
);
-&gt; at org.cap.service.AccountServiceImpl.createAccount(AccountServiceImpl.java:40)
" type="Argument(s) are different! Wanted">Argument(s) are different! Wanted:
accountDao.addAccount(
    Account [accountNo=1, customer=Customer [firstName=Tom, lastName=Jerry, address=Address [doorNo=12/B, city=Chennai]], openingBalance=1000.0]
);
-&gt; at createAccount.Stepdef.create_new_Account(Stepdef.java:91)
Actual invocation has different arguments:
accountDao.addAccount(
    Account [accountNo=2, customer=Customer [firstName=Tom, lastName=Jerry, address=Address [doorNo=12/B, city=Chennai]], openingBalance=1000.0]
);
-&gt; at org.cap.service.AccountServiceImpl.createAccount(AccountServiceImpl.java:40)

	at java.base/jdk.internal.reflect.NativeConstructorAccessorImpl.newInstance0(Native Method)
	at java.base/jdk.internal.reflect.NativeConstructorAccessorImpl.newInstance(NativeConstructorAccessorImpl.java:62)
	at java.base/jdk.internal.reflect.DelegatingConstructorAccessorImpl.newInstance(DelegatingConstructorAccessorImpl.java:45)
	at java.base/java.lang.reflect.Constructor.newInstance(Constructor.java:488)
	at createAccount.Stepdef.create_new_Account(Stepdef.java:91)
	at ✽.Then create new Account(createAccount/createAccount.feature:8)
</failure>
  </testcase>
  <testcase classname="Scenario: For Invalid customer" name="Given Customer details" time="0"/>
  <testcase classname="Scenario: For Invalid customer" name="When Invalid Customer" time="0"/>
  <testcase classname="Scenario: For Invalid customer" name="Then throw &apos;Invalid Customer&apos; error message" time="0"/>
  <testcase classname="Scenario: For Invalid customer" name="Scenario: For Invalid customer" time="0"/>
  <testcase classname="Scenario: For Invalid Opening Balance" name="Given Customer details and opening balance" time="0"/>
  <testcase classname="Scenario: For Invalid Opening Balance" name="When Invalid opening balance" time="0"/>
  <testcase classname="Scenario: For Invalid Opening Balance" name="Then throw &apos;Invalid Balance&apos; error message" time="0"/>
  <testcase classname="Scenario: For Invalid Opening Balance" name="Scenario: For Invalid Opening Balance" time="0"/>
  <testcase classname="Scenario: Find account details" name="Given Account number" time="0"/>
  <testcase classname="Scenario: Find account details" name="When Valid account Number" time="0"/>
  <testcase classname="Scenario: Find account details" name="Then find account details" time="0"/>
  <testcase classname="Scenario: Find account details" name="Scenario: Find account details" time="0"/>
  <testcase classname="Scenario: Withdraw Amount from Account" name="Given Account number 1001 and amount 1000" time="0"/>
  <testcase classname="Scenario: Withdraw Amount from Account" name="When Find account and do withdrawal" time="0"/>
  <testcase classname="Scenario: Withdraw Amount from Account" name="Then Update the account details." time="0"/>
  <testcase classname="Scenario: Withdraw Amount from Account" name="Scenario: Withdraw Amount from Account" time="0"/>
  <testcase classname="Scenario: Deposit Amount to Account" name="Given Account number 1001 and amount 2000" time="0"/>
  <testcase classname="Scenario: Deposit Amount to Account" name="When Find account and do deposit" time="0"/>
  <testcase classname="Scenario: Deposit Amount to Account" name="Then Update the account details." time="0"/>
  <testcase classname="Scenario: Deposit Amount to Account" name="Scenario: Deposit Amount to Account" time="0"/>
</testsuite>